<?xml version="1.0" encoding="UTF-8"?>
<!-- Generated by org.testng.reporters.JUnitReportReporter -->
<testsuite hostname="Sasi" failures="0" tests="2" name="Practice_package.Annotations" time="0.007" errors="0" timestamp="2022-11-08T17:50:56 IST" skipped="0">
  <testcase classname="Practice_package.Annotations" name="display3" time="0.004"/>
  <system-out/>
  <testcase classname="Practice_package.Annotations" name="display7" time="0.003"/>
  <system-out/>
</testsuite> <!-- Practice_package.Annotations -->
