<?xml version="1.0" encoding="UTF-8"?>
<!-- Generated by org.testng.reporters.JUnitReportReporter -->
<testsuite hostname="Sasi" failures="0" tests="3" name="Practice_package.DataProvide" time="0.019" errors="0" timestamp="2022-11-08T12:11:24 IST" skipped="0">
  <testcase classname="Practice_package.DataProvide" name="DataProvider" time="0.000"/>
  <system-out/>
  <testcase classname="Practice_package.DataProvide" name="DataProvider" time="0.007"/>
  <system-out/>
  <testcase classname="Practice_package.DataProvide" name="DataProvider" time="0.012"/>
  <system-out/>
</testsuite> <!-- Practice_package.DataProvide -->
