<?xml version="1.0" encoding="UTF-8"?>
<!-- Generated by org.testng.reporters.JUnitReportReporter -->
<testsuite hostname="Sasi" failures="0" tests="1" name="TestngPractice.Sample3" time="0.009" errors="0" timestamp="2022-11-09T16:12:20 IST" skipped="0">
  <testcase classname="TestngPractice.Sample3" name="tc3_1" time="0.009"/>
  <system-out/>
</testsuite> <!-- TestngPractice.Sample3 -->
