<?xml version="1.0" encoding="UTF-8"?>
<!-- Generated by org.testng.reporters.JUnitReportReporter -->
<testsuite hostname="Sasi" failures="0" tests="3" name="Practice_package.Invocation_count" time="0.007" errors="0" timestamp="2022-11-09T11:07:02 IST" skipped="1">
  <testcase classname="Practice_package.Invocation_count" name="updateAccount" time="0.006"/>
  <system-out>
    <![CDATA[Updated an account]]>
  </system-out>
  <testcase classname="Practice_package.Invocation_count" name="deleteAccount1" time="0.001"/>
  <system-out>
    <![CDATA[Deleted An Account111]]>
  </system-out>
  <testcase classname="Practice_package.Invocation_count" name="deleteAccount">
    <skipped/>
  </testcase> <!-- deleteAccount -->
  <system-out/>
</testsuite> <!-- Practice_package.Invocation_count -->
