<?xml version="1.0" encoding="UTF-8"?>
<!-- Generated by org.testng.reporters.JUnitReportReporter -->
<testsuite hostname="Sasi" failures="0" tests="5" name="Practice_package.ReadingFromExcel5RowsAnd3Columns" time="0.005" errors="0" timestamp="2022-11-09T11:58:41 IST" skipped="0">
  <testcase classname="Practice_package.ReadingFromExcel5RowsAnd3Columns" name="getData1" time="0.001"/>
  <system-out/>
  <testcase classname="Practice_package.ReadingFromExcel5RowsAnd3Columns" name="getData1" time="0.000"/>
  <system-out/>
  <testcase classname="Practice_package.ReadingFromExcel5RowsAnd3Columns" name="getData1" time="0.000"/>
  <system-out/>
  <testcase classname="Practice_package.ReadingFromExcel5RowsAnd3Columns" name="getData1" time="0.000"/>
  <system-out/>
  <testcase classname="Practice_package.ReadingFromExcel5RowsAnd3Columns" name="getData1" time="0.004"/>
  <system-out/>
</testsuite> <!-- Practice_package.ReadingFromExcel5RowsAnd3Columns -->
