<?xml version="1.0" encoding="UTF-8"?>
<!-- Generated by org.testng.reporters.JUnitReportReporter -->
<testsuite hostname="Sasi" failures="0" tests="2" name="Practice_package.Annotations1" time="0.002" errors="0" timestamp="2022-11-08T17:50:56 IST" skipped="0">
  <testcase classname="Practice_package.Annotations1" name="display3" time="0.001"/>
  <system-out/>
  <testcase classname="Practice_package.Annotations1" name="display7" time="0.001"/>
  <system-out/>
</testsuite> <!-- Practice_package.Annotations1 -->
