<?xml version="1.0" encoding="UTF-8"?>
<!-- Generated by org.testng.reporters.JUnitReportReporter -->
<testsuite hostname="Sasi" failures="0" tests="1" name="TestngPractice.Sample2" time="0.001" errors="0" timestamp="2022-11-09T16:12:20 IST" skipped="0">
  <testcase classname="TestngPractice.Sample2" name="tc2" time="0.001"/>
  <system-out/>
</testsuite> <!-- TestngPractice.Sample2 -->
