<?xml version="1.0" encoding="UTF-8"?>
<!-- Generated by org.testng.reporters.JUnitReportReporter -->
<testsuite hostname="Sasi" failures="0" tests="2" name="Practice_package.Read_Data_From_Excel_Using_DataProvider" time="2.026" errors="0" timestamp="2022-11-08T16:33:00 IST" skipped="0">
  <testcase classname="Practice_package.Read_Data_From_Excel_Using_DataProvider" name="cityName" time="1.018"/>
  <system-out/>
  <testcase classname="Practice_package.Read_Data_From_Excel_Using_DataProvider" name="cityName" time="1.008"/>
  <system-out/>
</testsuite> <!-- Practice_package.Read_Data_From_Excel_Using_DataProvider -->
