<?xml version="1.0" encoding="UTF-8"?>
<!-- Generated by org.testng.reporters.JUnitReportReporter -->
<testsuite hostname="Sasi" failures="0" tests="1" name="TestScripts_1.View_Account_Delete_Account_TestScript1" time="5.200" errors="0" timestamp="2022-11-10T13:02:45 IST" skipped="0">
  <testcase classname="TestScripts_1.View_Account_Delete_Account_TestScript1" name="viewaccountDelAcc" time="5.200"/>
  <system-out/>
</testsuite> <!-- TestScripts_1.View_Account_Delete_Account_TestScript1 -->
